<?xml version="1.0" encoding="UTF-8"?>
<testng-results skipped="0" failed="0" total="1" passed="1">
  <reporter-output>
  </reporter-output>
  <suite name="Default suite" duration-ms="52867" started-at="2021-08-09T04:06:54Z" finished-at="2021-08-09T04:07:47Z">
    <groups>
    </groups>
    <test name="Default test" duration-ms="52867" started-at="2021-08-09T04:06:54Z" finished-at="2021-08-09T04:07:47Z">
      <class name="Demos.Demos">
        <test-method status="PASS" signature="setup()[pri:0, instance:Demos.Demos@3a8624]" name="setup" is-config="true" duration-ms="29211" started-at="2021-08-09T09:36:54Z" finished-at="2021-08-09T09:37:24Z">
          <reporter-output>
          </reporter-output>
        </test-method> <!-- setup -->
        <test-method status="PASS" signature="testcase1()[pri:0, instance:Demos.Demos@3a8624]" name="testcase1" duration-ms="23633" started-at="2021-08-09T09:37:24Z" finished-at="2021-08-09T09:37:47Z">
          <reporter-output>
          </reporter-output>
        </test-method> <!-- testcase1 -->
      </class> <!-- Demos.Demos -->
    </test> <!-- Default test -->
  </suite> <!-- Default suite -->
</testng-results>
